<?xml version="1.0" encoding="UTF-8"?>
<!-- Generated by org.testng.reporters.JUnitXMLReporter -->
<testsuite ignored="0" hostname="DESKTOP-O21QIAA" failures="3" tests="3" name="Default test" time="1.818" errors="0" timestamp="2023-09-27T01:19:23 IST">
  <testcase classname="testPackage.BrowserStackRun" name="browserRun" time="1.69">
    <failure type="org.openqa.selenium.SessionNotCreatedException" message="Could not start a new session. Possible causes are invalid address of the remote server or browser start-up failure. 
Host info: host: &amp;apos;DESKTOP-O21QIAA&amp;apos;, ip: &amp;apos;192.168.29.24&amp;apos;
Build info: version: &amp;apos;4.10.0&amp;apos;, revision: &amp;apos;c14d967899&amp;apos;
System info: os.name: &amp;apos;Windows 10&amp;apos;, os.arch: &amp;apos;amd64&amp;apos;, os.version: &amp;apos;10.0&amp;apos;, java.version: &amp;apos;19.0.2&amp;apos;
Driver info: org.openqa.selenium.remote.RemoteWebDriver
Command: [null, newSession {capabilities=[Capabilities {browserName: firefox, browserVersion: 110, browserstack.debug: true, name: firefox, platformName: windows}]}]
Capabilities {browserName: firefox, browserVersion: 110, browserstack.debug: true, name: firefox, platformName: windows}">
      <![CDATA[org.openqa.selenium.SessionNotCreatedException: Could not start a new session. Possible causes are invalid address of the remote server or browser start-up failure. 
Host info: host: 'DESKTOP-O21QIAA', ip: '192.168.29.24'
Build info: version: '4.10.0', revision: 'c14d967899'
System info: os.name: 'Windows 10', os.arch: 'amd64', os.version: '10.0', java.version: '19.0.2'
Driver info: org.openqa.selenium.remote.RemoteWebDriver
Command: [null, newSession {capabilities=[Capabilities {browserName: firefox, browserVersion: 110, browserstack.debug: true, name: firefox, platformName: windows}]}]
Capabilities {browserName: firefox, browserVersion: 110, browserstack.debug: true, name: firefox, platformName: windows}
at org.openqa.selenium.remote.RemoteWebDriver.execute(RemoteWebDriver.java:549)
at org.openqa.selenium.remote.RemoteWebDriver.startSession(RemoteWebDriver.java:227)
at org.openqa.selenium.remote.RemoteWebDriver.<init>(RemoteWebDriver.java:154)
at org.openqa.selenium.remote.RemoteWebDriver.<init>(RemoteWebDriver.java:134)
at testPackage.BrowserStackRun.browserRun(BrowserStackRun.java:29)
at java.base/jdk.internal.reflect.DirectMethodHandleAccessor.invoke(DirectMethodHandleAccessor.java:104)
at java.base/java.lang.reflect.Method.invoke(Method.java:578)
at org.testng.internal.invokers.MethodInvocationHelper.invokeMethod(MethodInvocationHelper.java:139)
at org.testng.internal.invokers.TestInvoker.invokeMethod(TestInvoker.java:664)
at org.testng.internal.invokers.TestInvoker.invokeTestMethod(TestInvoker.java:227)
at org.testng.internal.invokers.TestMethodWithDataProviderMethodWorker.call(TestMethodWithDataProviderMethodWorker.java:80)
at org.testng.internal.invokers.TestMethodWithDataProviderMethodWorker.call(TestMethodWithDataProviderMethodWorker.java:17)
at java.base/java.util.concurrent.FutureTask.run(FutureTask.java:317)
at java.base/java.util.concurrent.Executors$RunnableAdapter.call(Executors.java:577)
at java.base/java.util.concurrent.FutureTask.run(FutureTask.java:317)
at java.base/java.util.concurrent.ThreadPoolExecutor.runWorker(ThreadPoolExecutor.java:1144)
at java.base/java.util.concurrent.ThreadPoolExecutor$Worker.run(ThreadPoolExecutor.java:642)
at java.base/java.lang.Thread.run(Thread.java:1589)
Caused by: java.lang.IllegalArgumentException: Illegal key values seen in w3c capabilities: [browserstack.debug, name]
at org.openqa.selenium.remote.NewSessionPayload.lambda$validate$4(NewSessionPayload.java:184)
at java.base/java.util.stream.ReferencePipeline$15$1.accept(ReferencePipeline.java:540)
at java.base/java.util.stream.ReferencePipeline$15$1.accept(ReferencePipeline.java:541)
at java.base/java.util.stream.ReferencePipeline$3$1.accept(ReferencePipeline.java:197)
at java.base/java.util.stream.ReferencePipeline$15$1.accept(ReferencePipeline.java:541)
at java.base/java.util.ArrayList$ArrayListSpliterator.forEachRemaining(ArrayList.java:1625)
at java.base/java.util.stream.AbstractPipeline.copyInto(AbstractPipeline.java:509)
at java.base/java.util.stream.AbstractPipeline.wrapAndCopyInto(AbstractPipeline.java:499)
at java.base/java.util.stream.ForEachOps$ForEachOp.evaluateSequential(ForEachOps.java:150)
at java.base/java.util.stream.ForEachOps$ForEachOp$OfRef.evaluateSequential(ForEachOps.java:173)
at java.base/java.util.stream.AbstractPipeline.evaluate(AbstractPipeline.java:234)
at java.base/java.util.stream.ReferencePipeline.forEach(ReferencePipeline.java:596)
at org.openqa.selenium.remote.NewSessionPayload.validate(NewSessionPayload.java:188)
at org.openqa.selenium.remote.NewSessionPayload.<init>(NewSessionPayload.java:91)
at org.openqa.selenium.remote.NewSessionPayload.create(NewSessionPayload.java:127)
at org.openqa.selenium.remote.NewSessionPayload.create(NewSessionPayload.java:111)
at org.openqa.selenium.remote.ProtocolHandshake.createSession(ProtocolHandshake.java:67)
at org.openqa.selenium.remote.HttpCommandExecutor.execute(HttpCommandExecutor.java:163)
at org.openqa.selenium.remote.TracedCommandExecutor.execute(TracedCommandExecutor.java:51)
at org.openqa.selenium.remote.RemoteWebDriver.execute(RemoteWebDriver.java:531)
... 17 more
]]>
    </failure>
  </testcase> <!-- browserRun -->
  <testcase classname="testPackage.BrowserStackRun" name="browserRun" time="1.69">
    <failure type="org.openqa.selenium.SessionNotCreatedException" message="Could not start a new session. Possible causes are invalid address of the remote server or browser start-up failure. 
Host info: host: &amp;apos;DESKTOP-O21QIAA&amp;apos;, ip: &amp;apos;192.168.29.24&amp;apos;
Build info: version: &amp;apos;4.10.0&amp;apos;, revision: &amp;apos;c14d967899&amp;apos;
System info: os.name: &amp;apos;Windows 10&amp;apos;, os.arch: &amp;apos;amd64&amp;apos;, os.version: &amp;apos;10.0&amp;apos;, java.version: &amp;apos;19.0.2&amp;apos;
Driver info: org.openqa.selenium.remote.RemoteWebDriver
Command: [null, newSession {capabilities=[Capabilities {browserName: chrome, browserVersion: 80, browserstack.debug: true, name: chrome, platformName: mac}]}]
Capabilities {browserName: chrome, browserVersion: 80, browserstack.debug: true, name: chrome, platformName: mac}">
      <![CDATA[org.openqa.selenium.SessionNotCreatedException: Could not start a new session. Possible causes are invalid address of the remote server or browser start-up failure. 
Host info: host: 'DESKTOP-O21QIAA', ip: '192.168.29.24'
Build info: version: '4.10.0', revision: 'c14d967899'
System info: os.name: 'Windows 10', os.arch: 'amd64', os.version: '10.0', java.version: '19.0.2'
Driver info: org.openqa.selenium.remote.RemoteWebDriver
Command: [null, newSession {capabilities=[Capabilities {browserName: chrome, browserVersion: 80, browserstack.debug: true, name: chrome, platformName: mac}]}]
Capabilities {browserName: chrome, browserVersion: 80, browserstack.debug: true, name: chrome, platformName: mac}
at org.openqa.selenium.remote.RemoteWebDriver.execute(RemoteWebDriver.java:549)
at org.openqa.selenium.remote.RemoteWebDriver.startSession(RemoteWebDriver.java:227)
at org.openqa.selenium.remote.RemoteWebDriver.<init>(RemoteWebDriver.java:154)
at org.openqa.selenium.remote.RemoteWebDriver.<init>(RemoteWebDriver.java:134)
at testPackage.BrowserStackRun.browserRun(BrowserStackRun.java:29)
at java.base/jdk.internal.reflect.DirectMethodHandleAccessor.invoke(DirectMethodHandleAccessor.java:104)
at java.base/java.lang.reflect.Method.invoke(Method.java:578)
at org.testng.internal.invokers.MethodInvocationHelper.invokeMethod(MethodInvocationHelper.java:139)
at org.testng.internal.invokers.TestInvoker.invokeMethod(TestInvoker.java:664)
at org.testng.internal.invokers.TestInvoker.invokeTestMethod(TestInvoker.java:227)
at org.testng.internal.invokers.TestMethodWithDataProviderMethodWorker.call(TestMethodWithDataProviderMethodWorker.java:80)
at org.testng.internal.invokers.TestMethodWithDataProviderMethodWorker.call(TestMethodWithDataProviderMethodWorker.java:17)
at java.base/java.util.concurrent.FutureTask.run(FutureTask.java:317)
at java.base/java.util.concurrent.Executors$RunnableAdapter.call(Executors.java:577)
at java.base/java.util.concurrent.FutureTask.run(FutureTask.java:317)
at java.base/java.util.concurrent.ThreadPoolExecutor.runWorker(ThreadPoolExecutor.java:1144)
at java.base/java.util.concurrent.ThreadPoolExecutor$Worker.run(ThreadPoolExecutor.java:642)
at java.base/java.lang.Thread.run(Thread.java:1589)
Caused by: java.lang.IllegalArgumentException: Illegal key values seen in w3c capabilities: [browserstack.debug, name]
at org.openqa.selenium.remote.NewSessionPayload.lambda$validate$4(NewSessionPayload.java:184)
at java.base/java.util.stream.ReferencePipeline$15$1.accept(ReferencePipeline.java:540)
at java.base/java.util.stream.ReferencePipeline$15$1.accept(ReferencePipeline.java:541)
at java.base/java.util.stream.ReferencePipeline$3$1.accept(ReferencePipeline.java:197)
at java.base/java.util.stream.ReferencePipeline$15$1.accept(ReferencePipeline.java:541)
at java.base/java.util.ArrayList$ArrayListSpliterator.forEachRemaining(ArrayList.java:1625)
at java.base/java.util.stream.AbstractPipeline.copyInto(AbstractPipeline.java:509)
at java.base/java.util.stream.AbstractPipeline.wrapAndCopyInto(AbstractPipeline.java:499)
at java.base/java.util.stream.ForEachOps$ForEachOp.evaluateSequential(ForEachOps.java:150)
at java.base/java.util.stream.ForEachOps$ForEachOp$OfRef.evaluateSequential(ForEachOps.java:173)
at java.base/java.util.stream.AbstractPipeline.evaluate(AbstractPipeline.java:234)
at java.base/java.util.stream.ReferencePipeline.forEach(ReferencePipeline.java:596)
at org.openqa.selenium.remote.NewSessionPayload.validate(NewSessionPayload.java:188)
at org.openqa.selenium.remote.NewSessionPayload.<init>(NewSessionPayload.java:91)
at org.openqa.selenium.remote.NewSessionPayload.create(NewSessionPayload.java:127)
at org.openqa.selenium.remote.NewSessionPayload.create(NewSessionPayload.java:111)
at org.openqa.selenium.remote.ProtocolHandshake.createSession(ProtocolHandshake.java:67)
at org.openqa.selenium.remote.HttpCommandExecutor.execute(HttpCommandExecutor.java:163)
at org.openqa.selenium.remote.TracedCommandExecutor.execute(TracedCommandExecutor.java:51)
at org.openqa.selenium.remote.RemoteWebDriver.execute(RemoteWebDriver.java:531)
... 17 more
]]>
    </failure>
  </testcase> <!-- browserRun -->
  <testcase classname="testPackage.BrowserStackRun" name="browserRun" time="1.69">
    <failure type="org.openqa.selenium.SessionNotCreatedException" message="Could not start a new session. Possible causes are invalid address of the remote server or browser start-up failure. 
Host info: host: &amp;apos;DESKTOP-O21QIAA&amp;apos;, ip: &amp;apos;192.168.29.24&amp;apos;
Build info: version: &amp;apos;4.10.0&amp;apos;, revision: &amp;apos;c14d967899&amp;apos;
System info: os.name: &amp;apos;Windows 10&amp;apos;, os.arch: &amp;apos;amd64&amp;apos;, os.version: &amp;apos;10.0&amp;apos;, java.version: &amp;apos;19.0.2&amp;apos;
Driver info: org.openqa.selenium.remote.RemoteWebDriver
Command: [null, newSession {capabilities=[Capabilities {browserName: chrome, browserVersion: 109, browserstack.debug: true, name: chrome, platformName: windows}]}]
Capabilities {browserName: chrome, browserVersion: 109, browserstack.debug: true, name: chrome, platformName: windows}">
      <![CDATA[org.openqa.selenium.SessionNotCreatedException: Could not start a new session. Possible causes are invalid address of the remote server or browser start-up failure. 
Host info: host: 'DESKTOP-O21QIAA', ip: '192.168.29.24'
Build info: version: '4.10.0', revision: 'c14d967899'
System info: os.name: 'Windows 10', os.arch: 'amd64', os.version: '10.0', java.version: '19.0.2'
Driver info: org.openqa.selenium.remote.RemoteWebDriver
Command: [null, newSession {capabilities=[Capabilities {browserName: chrome, browserVersion: 109, browserstack.debug: true, name: chrome, platformName: windows}]}]
Capabilities {browserName: chrome, browserVersion: 109, browserstack.debug: true, name: chrome, platformName: windows}
at org.openqa.selenium.remote.RemoteWebDriver.execute(RemoteWebDriver.java:549)
at org.openqa.selenium.remote.RemoteWebDriver.startSession(RemoteWebDriver.java:227)
at org.openqa.selenium.remote.RemoteWebDriver.<init>(RemoteWebDriver.java:154)
at org.openqa.selenium.remote.RemoteWebDriver.<init>(RemoteWebDriver.java:134)
at testPackage.BrowserStackRun.browserRun(BrowserStackRun.java:29)
at java.base/jdk.internal.reflect.DirectMethodHandleAccessor.invoke(DirectMethodHandleAccessor.java:104)
at java.base/java.lang.reflect.Method.invoke(Method.java:578)
at org.testng.internal.invokers.MethodInvocationHelper.invokeMethod(MethodInvocationHelper.java:139)
at org.testng.internal.invokers.TestInvoker.invokeMethod(TestInvoker.java:664)
at org.testng.internal.invokers.TestInvoker.invokeTestMethod(TestInvoker.java:227)
at org.testng.internal.invokers.TestMethodWithDataProviderMethodWorker.call(TestMethodWithDataProviderMethodWorker.java:80)
at org.testng.internal.invokers.TestMethodWithDataProviderMethodWorker.call(TestMethodWithDataProviderMethodWorker.java:17)
at java.base/java.util.concurrent.FutureTask.run(FutureTask.java:317)
at java.base/java.util.concurrent.Executors$RunnableAdapter.call(Executors.java:577)
at java.base/java.util.concurrent.FutureTask.run(FutureTask.java:317)
at java.base/java.util.concurrent.ThreadPoolExecutor.runWorker(ThreadPoolExecutor.java:1144)
at java.base/java.util.concurrent.ThreadPoolExecutor$Worker.run(ThreadPoolExecutor.java:642)
at java.base/java.lang.Thread.run(Thread.java:1589)
Caused by: java.lang.IllegalArgumentException: Illegal key values seen in w3c capabilities: [browserstack.debug, name]
at org.openqa.selenium.remote.NewSessionPayload.lambda$validate$4(NewSessionPayload.java:184)
at java.base/java.util.stream.ReferencePipeline$15$1.accept(ReferencePipeline.java:540)
at java.base/java.util.stream.ReferencePipeline$15$1.accept(ReferencePipeline.java:541)
at java.base/java.util.stream.ReferencePipeline$3$1.accept(ReferencePipeline.java:197)
at java.base/java.util.stream.ReferencePipeline$15$1.accept(ReferencePipeline.java:541)
at java.base/java.util.ArrayList$ArrayListSpliterator.forEachRemaining(ArrayList.java:1625)
at java.base/java.util.stream.AbstractPipeline.copyInto(AbstractPipeline.java:509)
at java.base/java.util.stream.AbstractPipeline.wrapAndCopyInto(AbstractPipeline.java:499)
at java.base/java.util.stream.ForEachOps$ForEachOp.evaluateSequential(ForEachOps.java:150)
at java.base/java.util.stream.ForEachOps$ForEachOp$OfRef.evaluateSequential(ForEachOps.java:173)
at java.base/java.util.stream.AbstractPipeline.evaluate(AbstractPipeline.java:234)
at java.base/java.util.stream.ReferencePipeline.forEach(ReferencePipeline.java:596)
at org.openqa.selenium.remote.NewSessionPayload.validate(NewSessionPayload.java:188)
at org.openqa.selenium.remote.NewSessionPayload.<init>(NewSessionPayload.java:91)
at org.openqa.selenium.remote.NewSessionPayload.create(NewSessionPayload.java:127)
at org.openqa.selenium.remote.NewSessionPayload.create(NewSessionPayload.java:111)
at org.openqa.selenium.remote.ProtocolHandshake.createSession(ProtocolHandshake.java:67)
at org.openqa.selenium.remote.HttpCommandExecutor.execute(HttpCommandExecutor.java:163)
at org.openqa.selenium.remote.TracedCommandExecutor.execute(TracedCommandExecutor.java:51)
at org.openqa.selenium.remote.RemoteWebDriver.execute(RemoteWebDriver.java:531)
... 17 more
]]>
    </failure>
  </testcase> <!-- browserRun -->
</testsuite> <!-- Default test -->
