<?xml version="1.0" encoding="UTF-8"?>
<!-- Generated by org.testng.reporters.JUnitXMLReporter -->
<testsuite ignored="0" hostname="DESKTOP-O21QIAA" failures="0" tests="7" name="Test" time="57.921" errors="0" timestamp="2023-10-04T05:13:12 IST">
  <testcase classname="testPackage.FlipkartTest" name="flipkart" time="5.944"/>
  <testcase classname="testPackage.AmazonTest" name="Demo" time="0.003"/>
  <testcase classname="testPackage.AmazonTest" name="amazon" time="1.148"/>
  <testcase classname="testPackage.TATA_1mg_Test" name="myntra" time="26.376"/>
  <testcase classname="testPackage.MyntraTest" name="myntra" time="1.632"/>
  <testcase classname="testPackage.NykaaTest" name="nykaa" time="4.35"/>
  <testcase classname="testPackage.TATA_BigBasket_Test" name="myntra" time="6.702"/>
</testsuite> <!-- Test -->
